<?xml version="1.0" encoding="UTF-8"?>
<testsuite name="com.api.gpsutil.GpsUtilApplicationTests" tests="6" skipped="0" failures="0" errors="0" timestamp="2021-11-10T13:47:51" hostname="DESKTOP-2K67CMT" time="1.367">
  <properties/>
  <testcase name="getUserLocationTest_WhenErrorParametersString()" classname="com.api.gpsutil.GpsUtilApplicationTests" time="0.823"/>
  <testcase name="getUserLocationTest_WhenWrongParameters()" classname="com.api.gpsutil.GpsUtilApplicationTests" time="0.032"/>
  <testcase name="getAttractionsTest()" classname="com.api.gpsutil.GpsUtilApplicationTests" time="0.301"/>
  <testcase name="getUserLocationTest()" classname="com.api.gpsutil.GpsUtilApplicationTests" time="0.155"/>
  <testcase name="getAttractionsTest_WhenBadRequest()" classname="com.api.gpsutil.GpsUtilApplicationTests" time="0.024"/>
  <testcase name="getUserLocationTest_WhenEmptyParamaters()" classname="com.api.gpsutil.GpsUtilApplicationTests" time="0.013"/>
  <system-out><![CDATA[14:47:35.959 [Test worker] DEBUG org.springframework.test.context.BootstrapUtils - Instantiating CacheAwareContextLoaderDelegate from class [org.springframework.test.context.cache.DefaultCacheAwareContextLoaderDelegate]
14:47:36.023 [Test worker] DEBUG org.springframework.test.context.BootstrapUtils - Instantiating BootstrapContext using constructor [public org.springframework.test.context.support.DefaultBootstrapContext(java.lang.Class,org.springframework.test.context.CacheAwareContextLoaderDelegate)]
14:47:36.340 [Test worker] DEBUG org.springframework.test.context.BootstrapUtils - Instantiating TestContextBootstrapper for test class [com.api.gpsutil.GpsUtilApplicationTests] from class [org.springframework.boot.test.context.SpringBootTestContextBootstrapper]
14:47:36.413 [Test worker] INFO org.springframework.boot.test.context.SpringBootTestContextBootstrapper - Neither @ContextConfiguration nor @ContextHierarchy found for test class [com.api.gpsutil.GpsUtilApplicationTests], using SpringBootContextLoader
14:47:36.444 [Test worker] DEBUG org.springframework.test.context.support.AbstractContextLoader - Did not detect default resource location for test class [com.api.gpsutil.GpsUtilApplicationTests]: class path resource [com/api/gpsutil/GpsUtilApplicationTests-context.xml] does not exist
14:47:36.460 [Test worker] DEBUG org.springframework.test.context.support.AbstractContextLoader - Did not detect default resource location for test class [com.api.gpsutil.GpsUtilApplicationTests]: class path resource [com/api/gpsutil/GpsUtilApplicationTestsContext.groovy] does not exist
14:47:36.461 [Test worker] INFO org.springframework.test.context.support.AbstractContextLoader - Could not detect default resource locations for test class [com.api.gpsutil.GpsUtilApplicationTests]: no resource found for suffixes {-context.xml, Context.groovy}.
14:47:36.476 [Test worker] INFO org.springframework.test.context.support.AnnotationConfigContextLoaderUtils - Could not detect default configuration classes for test class [com.api.gpsutil.GpsUtilApplicationTests]: GpsUtilApplicationTests does not declare any static, non-private, non-final, nested classes annotated with @Configuration.
14:47:36.976 [Test worker] DEBUG org.springframework.test.context.support.ActiveProfilesUtils - Could not find an 'annotation declaring class' for annotation type [org.springframework.test.context.ActiveProfiles] and class [com.api.gpsutil.GpsUtilApplicationTests]
14:47:37.344 [Test worker] DEBUG org.springframework.context.annotation.ClassPathScanningCandidateComponentProvider - Identified candidate component class: file [D:\DevInformatique\_OpenClasseRoom_DeveloppeurApllicationJava\P8_aulombard_geoffrey\OC_P8_TourGuide\gpsUtil\build\classes\java\main\com\api\gpsutil\GpsUtilApplication.class]
14:47:37.350 [Test worker] INFO org.springframework.boot.test.context.SpringBootTestContextBootstrapper - Found @SpringBootConfiguration com.api.gpsutil.GpsUtilApplication for test class com.api.gpsutil.GpsUtilApplicationTests
14:47:38.011 [Test worker] DEBUG org.springframework.boot.test.context.SpringBootTestContextBootstrapper - @TestExecutionListeners is not present for class [com.api.gpsutil.GpsUtilApplicationTests]: using defaults.
14:47:38.012 [Test worker] INFO org.springframework.boot.test.context.SpringBootTestContextBootstrapper - Loaded default TestExecutionListener class names from location [META-INF/spring.factories]: [org.springframework.boot.test.autoconfigure.restdocs.RestDocsTestExecutionListener, org.springframework.boot.test.autoconfigure.web.client.MockRestServiceServerResetTestExecutionListener, org.springframework.boot.test.autoconfigure.web.servlet.MockMvcPrintOnlyOnFailureTestExecutionListener, org.springframework.boot.test.autoconfigure.web.servlet.WebDriverTestExecutionListener, org.springframework.boot.test.autoconfigure.webservices.client.MockWebServiceServerTestExecutionListener, org.springframework.boot.test.mock.mockito.MockitoTestExecutionListener, org.springframework.boot.test.mock.mockito.ResetMocksTestExecutionListener, org.springframework.test.context.web.ServletTestExecutionListener, org.springframework.test.context.support.DirtiesContextBeforeModesTestExecutionListener, org.springframework.test.context.event.ApplicationEventsTestExecutionListener, org.springframework.test.context.support.DependencyInjectionTestExecutionListener, org.springframework.test.context.support.DirtiesContextTestExecutionListener, org.springframework.test.context.transaction.TransactionalTestExecutionListener, org.springframework.test.context.jdbc.SqlScriptsTestExecutionListener, org.springframework.test.context.event.EventPublishingTestExecutionListener]
14:47:38.057 [Test worker] DEBUG org.springframework.boot.test.context.SpringBootTestContextBootstrapper - Skipping candidate TestExecutionListener [org.springframework.test.context.transaction.TransactionalTestExecutionListener] due to a missing dependency. Specify custom listener classes or make the default listener classes and their required dependencies available. Offending class: [org/springframework/transaction/interceptor/TransactionAttributeSource]
14:47:38.059 [Test worker] DEBUG org.springframework.boot.test.context.SpringBootTestContextBootstrapper - Skipping candidate TestExecutionListener [org.springframework.test.context.jdbc.SqlScriptsTestExecutionListener] due to a missing dependency. Specify custom listener classes or make the default listener classes and their required dependencies available. Offending class: [org/springframework/transaction/interceptor/TransactionAttribute]
14:47:38.060 [Test worker] INFO org.springframework.boot.test.context.SpringBootTestContextBootstrapper - Using TestExecutionListeners: [org.springframework.test.context.web.ServletTestExecutionListener@f287a4e, org.springframework.test.context.support.DirtiesContextBeforeModesTestExecutionListener@3879feec, org.springframework.test.context.event.ApplicationEventsTestExecutionListener@71d2261e, org.springframework.boot.test.mock.mockito.MockitoTestExecutionListener@53917c92, org.springframework.boot.test.autoconfigure.SpringBootDependencyInjectionTestExecutionListener@1fa796a4, org.springframework.test.context.support.DirtiesContextTestExecutionListener@68de8522, org.springframework.test.context.event.EventPublishingTestExecutionListener@8dcacf1, org.springframework.boot.test.autoconfigure.restdocs.RestDocsTestExecutionListener@50f13494, org.springframework.boot.test.autoconfigure.web.client.MockRestServiceServerResetTestExecutionListener@73c09a98, org.springframework.boot.test.autoconfigure.web.servlet.MockMvcPrintOnlyOnFailureTestExecutionListener@6f2bf657, org.springframework.boot.test.autoconfigure.web.servlet.WebDriverTestExecutionListener@27d6467, org.springframework.boot.test.autoconfigure.webservices.client.MockWebServiceServerTestExecutionListener@5bf1b528, org.springframework.boot.test.mock.mockito.ResetMocksTestExecutionListener@2c92f094]
14:47:38.075 [Test worker] DEBUG org.springframework.test.context.support.AbstractDirtiesContextTestExecutionListener - Before test class: context [DefaultTestContext@a1a72d4 testClass = GpsUtilApplicationTests, testInstance = [null], testMethod = [null], testException = [null], mergedContextConfiguration = [WebMergedContextConfiguration@66d44581 testClass = GpsUtilApplicationTests, locations = '{}', classes = '{class com.api.gpsutil.GpsUtilApplication}', contextInitializerClasses = '[]', activeProfiles = '{}', propertySourceLocations = '{}', propertySourceProperties = '{org.springframework.boot.test.context.SpringBootTestContextBootstrapper=true}', contextCustomizers = set[org.springframework.boot.test.autoconfigure.actuate.metrics.MetricsExportContextCustomizerFactory$DisableMetricExportContextCustomizer@78065fcd, org.springframework.boot.test.autoconfigure.properties.PropertyMappingContextCustomizer@4b3fa0b3, org.springframework.boot.test.autoconfigure.web.servlet.WebDriverContextCustomizerFactory$Customizer@35e2b89f, [ImportsContextCustomizer@1afa048a key = [org.springframework.boot.test.autoconfigure.web.servlet.MockMvcAutoConfiguration, org.springframework.boot.test.autoconfigure.web.servlet.MockMvcWebClientAutoConfiguration, org.springframework.boot.test.autoconfigure.web.servlet.MockMvcWebDriverAutoConfiguration, org.springframework.boot.autoconfigure.security.oauth2.client.servlet.OAuth2ClientAutoConfiguration, org.springframework.boot.autoconfigure.security.oauth2.resource.servlet.OAuth2ResourceServerAutoConfiguration, org.springframework.boot.autoconfigure.security.servlet.SecurityAutoConfiguration, org.springframework.boot.autoconfigure.security.servlet.SecurityFilterAutoConfiguration, org.springframework.boot.autoconfigure.security.servlet.UserDetailsServiceAutoConfiguration, org.springframework.boot.test.autoconfigure.web.servlet.MockMvcSecurityConfiguration]], org.springframework.boot.test.context.filter.ExcludeFilterContextCustomizer@4239262e, org.springframework.boot.test.json.DuplicateJsonObjectContextCustomizerFactory$DuplicateJsonObjectContextCustomizer@7f8c3646, org.springframework.boot.test.mock.mockito.MockitoContextCustomizer@0, org.springframework.boot.test.web.client.TestRestTemplateContextCustomizer@c262f2f, org.springframework.boot.test.context.SpringBootTestArgs@1, org.springframework.boot.test.context.SpringBootTestWebEnvironment@4248b963], resourceBasePath = 'src/main/webapp', contextLoader = 'org.springframework.boot.test.context.SpringBootContextLoader', parent = [null]], attributes = map['org.springframework.test.context.web.ServletTestExecutionListener.activateListener' -> true]], class annotated with @DirtiesContext [false] with mode [null].
14:47:38.242 [Test worker] DEBUG org.springframework.test.context.support.TestPropertySourceUtils - Adding inlined properties to environment: {spring.jmx.enabled=false, org.springframework.boot.test.context.SpringBootTestContextBootstrapper=true}

  .   ____          _            __ _ _
 /\\ / ___'_ __ _ _(_)_ __  __ _ \ \ \ \
( ( )\___ | '_ | '_| | '_ \/ _` | \ \ \ \
 \\/  ___)| |_)| | | | | || (_| |  ) ) ) )
  '  |____| .__|_| |_|_| |_\__, | / / / /
 =========|_|==============|___/=/_/_/_/
 :: Spring Boot ::                (v2.5.6)

2021-11-10 14:47:39.566  INFO 12848 --- [    Test worker] com.api.gpsutil.GpsUtilApplicationTests  : Starting GpsUtilApplicationTests using Java 11.0.11 on DESKTOP-2K67CMT with PID 12848 (started by Hodor-Fixe in D:\DevInformatique\_OpenClasseRoom_DeveloppeurApllicationJava\P8_aulombard_geoffrey\OC_P8_TourGuide\gpsUtil)
2021-11-10 14:47:39.574  INFO 12848 --- [    Test worker] com.api.gpsutil.GpsUtilApplicationTests  : No active profile set, falling back to default profiles: default
2021-11-10 14:47:43.605  INFO 12848 --- [    Test worker] o.s.cloud.context.scope.GenericScope     : BeanFactory id=2b6e305d-6875-3b27-9782-3dbfbab929c8
2021-11-10 14:47:47.034  INFO 12848 --- [    Test worker] o.s.b.a.e.web.EndpointLinksResolver      : Exposing 1 endpoint(s) beneath base path '/actuator'
2021-11-10 14:47:47.612  INFO 12848 --- [    Test worker] pertySourcedRequestMappingHandlerMapping : Mapped URL path [/v2/api-docs] onto method [springfox.documentation.swagger2.web.Swagger2Controller#getDocumentation(String, HttpServletRequest)]
2021-11-10 14:47:50.080  INFO 12848 --- [    Test worker] o.s.b.t.m.w.SpringBootMockServletContext : Initializing Spring TestDispatcherServlet ''
2021-11-10 14:47:50.080  INFO 12848 --- [    Test worker] o.s.t.web.servlet.TestDispatcherServlet  : Initializing Servlet ''
2021-11-10 14:47:50.087  INFO 12848 --- [    Test worker] o.s.t.web.servlet.TestDispatcherServlet  : Completed initialization in 6 ms
2021-11-10 14:47:50.979  INFO 12848 --- [    Test worker] d.s.w.p.DocumentationPluginsBootstrapper : Context refreshed
2021-11-10 14:47:51.110  INFO 12848 --- [    Test worker] d.s.w.p.DocumentationPluginsBootstrapper : Found 1 custom documentation plugin(s)
2021-11-10 14:47:51.207  INFO 12848 --- [    Test worker] s.d.s.w.s.ApiListingReferenceScanner     : Scanning for api listing references
2021-11-10 14:47:51.709  INFO 12848 --- [    Test worker] com.api.gpsutil.GpsUtilApplicationTests  : Started GpsUtilApplicationTests in 13.445 seconds (JVM running for 19.668)
2021-11-10 14:47:52.600  WARN 12848 --- [    Test worker] .w.s.m.s.DefaultHandlerExceptionResolver : Resolved [org.springframework.web.method.annotation.MethodArgumentTypeMismatchException: Failed to convert value of type 'java.lang.String' to required type 'java.util.UUID'; nested exception is java.lang.IllegalArgumentException: Invalid UUID string: jon]
2021-11-10 14:47:52.675  WARN 12848 --- [    Test worker] .w.s.m.s.DefaultHandlerExceptionResolver : Resolved [org.springframework.web.bind.MissingServletRequestParameterException: Required request parameter 'userId' for method parameter type UUID is not present]
2021-11-10 14:47:52.707  INFO 12848 --- [    Test worker] c.a.g.controller.GpsUtilController       : HTTP GET request receive at /getAttractions to gpsUtil microservice
2021-11-10 14:47:53.043  INFO 12848 --- [    Test worker] c.a.g.controller.GpsUtilController       : HTTP GET request receive at /getUserLocation to gpsUtil microservice
2021-11-10 14:47:53.174  WARN 12848 --- [    Test worker] .w.s.m.s.DefaultHandlerExceptionResolver : Resolved [org.springframework.web.HttpRequestMethodNotSupportedException: Request method 'POST' not supported]
2021-11-10 14:47:53.196  WARN 12848 --- [    Test worker] .w.s.m.s.DefaultHandlerExceptionResolver : Resolved [org.springframework.web.bind.MissingServletRequestParameterException: Required request parameter 'userId' for method parameter type UUID is present but converted to null]
]]></system-out>
  <system-err><![CDATA[]]></system-err>
</testsuite>
